app/build/intermediates/manifest_merge_blame_file/debug/manifest-merger-blame-debug-report.txt
1<?xml version="1.0" encoding="utf-8"?>
2<manifest xmlns:android="http://schemas.android.com/apk/res/android"
3    package="com.example.maintenanceapp"
4    android:versionCode="1"
5    android:versionName="1.0" >
6
7    <uses-sdk
8        android:minSdkVersion="21"
8-->src\main\AndroidManifest.xml
9        android:targetSdkVersion="31" />
9-->src\main\AndroidManifest.xml
10
11    <uses-permission android:name="android.permission.ACCESS_NETWORK_STATE" />
11-->src\main\AndroidManifest.xml:4:5-79
11-->src\main\AndroidManifest.xml:4:22-76
12    <uses-permission android:name="android.permission.INTERNET" />
12-->src\main\AndroidManifest.xml:5:5-67
12-->src\main\AndroidManifest.xml:5:22-64
13    <uses-permission android:name="android.permission.READ_EXTERNAL_STORAGE" />
13-->src\main\AndroidManifest.xml:6:5-80
13-->src\main\AndroidManifest.xml:6:22-77
14    <uses-permission android:name="android.permission.WRITE_EXTERNAL_STORAGE" />
14-->src\main\AndroidManifest.xml:7:5-81
14-->src\main\AndroidManifest.xml:7:22-78
15
16    <queries>
16-->src\main\AndroidManifest.xml:9:5-13:15
17        <intent>
17-->src\main\AndroidManifest.xml:10:9-12:18
18            <action android:name="android.media.action.IMAGE_CAPTURE" />
18-->src\main\AndroidManifest.xml:11:13-73
18-->src\main\AndroidManifest.xml:11:21-70
19        </intent>
20    </queries>
21
22    <meta-data
22-->src\main\AndroidManifest.xml:15:5-17:55
23        android:name="com.parse.SERVER_URL"
23-->src\main\AndroidManifest.xml:16:9-44
24        android:value="@string/back4app_server_url" />
24-->src\main\AndroidManifest.xml:17:9-52
25    <meta-data
25-->src\main\AndroidManifest.xml:18:5-20:51
26        android:name="com.parse.APPLICATION_ID"
26-->src\main\AndroidManifest.xml:19:9-48
27        android:value="@string/back4app_app_id" />
27-->src\main\AndroidManifest.xml:20:9-48
28    <meta-data
28-->src\main\AndroidManifest.xml:21:5-23:55
29        android:name="com.parse.CLIENT_KEY"
29-->src\main\AndroidManifest.xml:22:9-44
30        android:value="@string/back4app_client_key" />
30-->src\main\AndroidManifest.xml:23:9-52
31
32    <!-- ParseApp.java is called on start up -->
33    <application
33-->src\main\AndroidManifest.xml:26:5-63:19
34        android:name="com.example.maintenanceapp.ParseApp"
34-->src\main\AndroidManifest.xml:27:9-33
35        android:allowBackup="true"
35-->src\main\AndroidManifest.xml:29:9-35
36        android:appComponentFactory="androidx.core.app.CoreComponentFactory"
36-->[androidx.core:core:1.5.0] AndroidManifest.xml:24:18-86
37        android:debuggable="true"
38        android:icon="@mipmap/ic_launcher"
38-->src\main\AndroidManifest.xml:30:9-43
39        android:label="@string/app_name"
39-->src\main\AndroidManifest.xml:31:9-41
40        android:roundIcon="@mipmap/ic_launcher_round"
40-->src\main\AndroidManifest.xml:32:9-54
41        android:supportsRtl="true"
41-->src\main\AndroidManifest.xml:33:9-35
42        android:testOnly="true"
43        android:theme="@style/Theme.MaintenanceApp"
43-->src\main\AndroidManifest.xml:34:9-52
44        android:usesCleartextTraffic="true" >
44-->src\main\AndroidManifest.xml:28:9-44
45        <provider
45-->src\main\AndroidManifest.xml:36:9-44:20
46            android:name="androidx.core.content.FileProvider"
46-->src\main\AndroidManifest.xml:37:13-62
47            android:authorities="com.codepath.fileprovider.MaintenanceApp"
47-->src\main\AndroidManifest.xml:38:13-75
48            android:exported="false"
48-->src\main\AndroidManifest.xml:39:13-37
49            android:grantUriPermissions="true" >
49-->src\main\AndroidManifest.xml:40:13-47
50            <meta-data
50-->src\main\AndroidManifest.xml:41:13-43:56
51                android:name="android.support.FILE_PROVIDER_PATHS"
51-->src\main\AndroidManifest.xml:42:17-67
52                android:resource="@xml/fileprovider" />
52-->src\main\AndroidManifest.xml:43:17-53
53        </provider>
54
55        <!-- Set login activity as the activity that gets called on startup with intent filter tag -->
56        <activity
56-->src\main\AndroidManifest.xml:47:9-54:20
57            android:name="com.example.maintenanceapp.LandingPageActivity"
57-->src\main\AndroidManifest.xml:48:13-48
58            android:exported="true" >
58-->src\main\AndroidManifest.xml:49:13-36
59            <intent-filter>
59-->src\main\AndroidManifest.xml:50:13-53:29
60                <action android:name="android.intent.action.MAIN" />
60-->src\main\AndroidManifest.xml:51:17-69
60-->src\main\AndroidManifest.xml:51:25-66
61
62                <category android:name="android.intent.category.LAUNCHER" />
62-->src\main\AndroidManifest.xml:52:17-77
62-->src\main\AndroidManifest.xml:52:27-74
63            </intent-filter>
64        </activity>
65        <activity android:name="com.example.maintenanceapp.MainActivity" />
65-->src\main\AndroidManifest.xml:55:9-49
65-->src\main\AndroidManifest.xml:55:19-47
66        <activity android:name="com.example.maintenanceapp.NewWorkOrderActivity" />
66-->src\main\AndroidManifest.xml:56:9-57
66-->src\main\AndroidManifest.xml:56:19-55
67        <activity android:name="com.example.maintenanceapp.Seeds" />
67-->src\main\AndroidManifest.xml:57:9-43
67-->src\main\AndroidManifest.xml:57:19-40
68        <activity android:name="com.example.maintenanceapp.SignUpActivity" />
68-->src\main\AndroidManifest.xml:58:9-51
68-->src\main\AndroidManifest.xml:58:19-49
69        <activity android:name="com.example.maintenanceapp.RegisterLandlordActivity" />
69-->src\main\AndroidManifest.xml:59:9-61
69-->src\main\AndroidManifest.xml:59:19-59
70        <activity android:name="com.example.maintenanceapp.ShowWorkOrderActivity" />
70-->src\main\AndroidManifest.xml:60:9-58
70-->src\main\AndroidManifest.xml:60:19-56
71        <activity android:name="com.example.maintenanceapp.ViewQuotesActivity" />
71-->src\main\AndroidManifest.xml:61:9-55
71-->src\main\AndroidManifest.xml:61:19-53
72        <activity android:name="com.example.maintenanceapp.LoginActivity" />
72-->src\main\AndroidManifest.xml:62:9-50
72-->src\main\AndroidManifest.xml:62:19-48
73    </application>
74
75</manifest>